11-15-2018 04:18:42.237: db connect !! 
11-15-2018 04:18:42.329: db SelectConfig start !! 
11-15-2018 04:18:42.352: 'C:\Users\User\Source\Repos\cjAzitChatBot\LOG\2018-11-15.LOG' 파일은 다른 프로세스에서 사용 중이므로 프로세스에서 액세스할 수 없습니다.
11-15-2018 04:18:42.700: db conn SelectConfig !!
11-15-2018 04:18:42.721: * cnfNm : 루이스제한 || cnfValue : 3000
11-15-2018 04:18:42.727: * cnfNm : 루이스구독 || cnfValue : e53c8b3967a94a82bb3fc3b89dbccfae
11-15-2018 04:18:42.728: * cnfNm : 루이스스코어 || cnfValue : 0.1
11-15-2018 04:18:42.730: * cnfNm : cjAzitCB || cnfValue : c05c9e45-3cce-4a73-9918-1abf52c9c3f9
11-15-2018 04:18:42.731: db SelectConfig end!! 
11-15-2018 04:18:42.732: * DB conn : conversationUpdate
11-15-2018 04:18:42.741:  db SelectInitDialog !! 
11-15-2018 04:18:45.679: * activity.Type : 
11-15-2018 04:18:45.685: * activity.Recipient.Id : 8c94d760-e8a6-11e8-84a3-25575dad9c9c
11-15-2018 04:18:45.695: * activity.ServiceUrl : http://localhost:51738
11-15-2018 04:18:57.206: db connect !! 
11-15-2018 04:18:57.291: orgMent : 타이호인스트회사에다닙니다
11-15-2018 04:20:19.337: db connect !! 
11-15-2018 04:20:19.521: 'C:\Users\User\Source\Repos\cjAzitChatBot\LOG\2018-11-15.LOG' 파일은 다른 프로세스에서 사용 중이므로 프로세스에서 액세스할 수 없습니다.
11-15-2018 04:20:19.532: db SelectConfig start !! 
11-15-2018 04:20:19.827: db conn SelectConfig !!
11-15-2018 04:20:19.850: * cnfNm : 루이스제한 || cnfValue : 3000
11-15-2018 04:20:19.851: * cnfNm : 루이스구독 || cnfValue : e53c8b3967a94a82bb3fc3b89dbccfae
11-15-2018 04:20:19.853: * cnfNm : 루이스스코어 || cnfValue : 0.1
11-15-2018 04:20:19.854: * cnfNm : cjAzitCB || cnfValue : c05c9e45-3cce-4a73-9918-1abf52c9c3f9
11-15-2018 04:20:19.855: db SelectConfig end!! 
11-15-2018 04:20:19.857: * DB conn : conversationUpdate
11-15-2018 04:20:19.883:  db SelectInitDialog !! 
11-15-2018 04:20:21.150: * activity.Type : 
11-15-2018 04:20:21.157: * activity.Recipient.Id : 8c94d760-e8a6-11e8-84a3-25575dad9c9c
11-15-2018 04:20:21.166: * activity.ServiceUrl : http://localhost:51738
11-15-2018 04:20:24.997: db connect !! 
11-15-2018 04:20:25.017: orgMent : 타이호인스트회사에다닙니다
11-15-2018 04:21:36.572: db connect !! 
11-15-2018 04:21:36.597: db SelectConfig start !! 
11-15-2018 04:21:37.002: 'C:\Users\User\Source\Repos\cjAzitChatBot\LOG\2018-11-15.LOG' 파일은 다른 프로세스에서 사용 중이므로 프로세스에서 액세스할 수 없습니다.
11-15-2018 04:21:37.408: db conn SelectConfig !!
11-15-2018 04:21:37.444: * cnfNm : 루이스제한 || cnfValue : 3000
11-15-2018 04:21:37.456: * cnfNm : 루이스구독 || cnfValue : e53c8b3967a94a82bb3fc3b89dbccfae
11-15-2018 04:21:37.462: * cnfNm : 루이스스코어 || cnfValue : 0.1
11-15-2018 04:21:37.464: * cnfNm : cjAzitCB || cnfValue : c05c9e45-3cce-4a73-9918-1abf52c9c3f9
11-15-2018 04:21:37.465: db SelectConfig end!! 
11-15-2018 04:21:37.471: * DB conn : conversationUpdate
11-15-2018 04:21:37.489:  db SelectInitDialog !! 
11-15-2018 04:21:39.429: * activity.Type : 
11-15-2018 04:21:39.446: * activity.Recipient.Id : 8c94d760-e8a6-11e8-84a3-25575dad9c9c
11-15-2018 04:21:39.465: * activity.ServiceUrl : http://localhost:51738
11-15-2018 04:21:44.905: db connect !! 
11-15-2018 04:21:44.925: orgMent : 타이호인스트회사에다닙니다
11-15-2018 04:21:44.955: cache none : 타이호인스트회사에다닙니다
11-15-2018 04:22:04.437: luisId : cjAzitCB
11-15-2018 04:22:04.438: luisIntent : sample
11-15-2018 04:22:04.455: luisEntities : 질문
11-15-2018 04:22:04.474: fullentity : 
11-15-2018 04:22:04.521: relationList 조건 in 
11-15-2018 04:22:04.521: relationList[0].dlgApiDefine : D
11-15-2018 04:22:04.537: dlg.dlgType : 2
11-15-2018 04:22:04.537: * activity.ChannelId : emulator
